<?xml version="1.0" encoding="UTF-8"?>
<!-- Generated by org.testng.reporters.JUnitReportReporter -->
<testsuite hostname="LAPTOP-4MO39718" name="BankGuruTestcases.RegisterScript" tests="1" failures="0" timestamp="15 Apr 2019 01:55:54 GMT" time="1.485" errors="0">
  <testcase name="getAccountRegister" time="1.485" classname="BankGuruTestcases.RegisterScript"/>
</testsuite> <!-- BankGuruTestcases.RegisterScript -->
